<?xml version="1.0" encoding="UTF-8"?>
<testng-results ignored="0" total="0" passed="0" failed="0" skipped="0">
  <reporter-output>
  </reporter-output>
  <suite started-at="2021-10-10T16:00:05 EET" name="Default suite" finished-at="2021-10-10T16:00:05 EET" duration-ms="393">
    <groups>
      <group name="cucumber">
        <method signature="AbstractTestNGCucumberTests.runScenario(io.cucumber.testng.PickleWrapper,io.cucumber.testng.FeatureWrapper)[pri:0, instance:steps.E2ETests@3b69e7d1]" name="runScenario" class="io.cucumber.testng.AbstractTestNGCucumberTests"/>
      </group> <!-- cucumber -->
    </groups>
    <test started-at="2021-10-10T16:00:05 EET" name="Default test" finished-at="2021-10-10T16:00:05 EET" duration-ms="393">
      <class name="steps.E2ETests">
        <test-method is-config="true" signature="startDriver(java.lang.String)[pri:0, instance:steps.E2ETests@3b69e7d1]" started-at="2021-10-10T15:59:12 EET" name="startDriver" finished-at="2021-10-10T16:00:05 EET" duration-ms="53038" status="PASS">
          <params>
            <param index="0">
              <value>
                <![CDATA[chrome]]>
              </value>
            </param>
          </params>
          <reporter-output>
          </reporter-output>
        </test-method> <!-- startDriver -->
        <test-method is-config="true" signature="setUpClass(org.testng.ITestContext)[pri:0, instance:steps.E2ETests@3b69e7d1]" started-at="2021-10-10T16:00:05 EET" name="setUpClass" finished-at="2021-10-10T16:00:05 EET" duration-ms="304" status="PASS">
          <params>
            <param index="0">
              <value>
                <![CDATA[org.testng.TestRunner@78830d9a]]>
              </value>
            </param>
          </params>
          <reporter-output>
          </reporter-output>
        </test-method> <!-- setUpClass -->
        <test-method is-config="true" signature="tearDownClass()[pri:0, instance:steps.E2ETests@3b69e7d1]" started-at="2021-10-10T16:00:05 EET" name="tearDownClass" finished-at="2021-10-10T16:00:05 EET" duration-ms="28" status="PASS">
          <reporter-output>
          </reporter-output>
        </test-method> <!-- tearDownClass -->
        <test-method is-config="true" signature="stopDriver()[pri:0, instance:steps.E2ETests@3b69e7d1]" started-at="2021-10-10T16:00:06 EET" name="stopDriver" finished-at="2021-10-10T16:00:06 EET" duration-ms="381" status="PASS">
          <reporter-output>
          </reporter-output>
        </test-method> <!-- stopDriver -->
      </class> <!-- steps.E2ETests -->
    </test> <!-- Default test -->
  </suite> <!-- Default suite -->
</testng-results>
